<?xml version="1.0" encoding="UTF-8"?>
<coverage generated="1722337159578" clover="3.2.0">
  <project timestamp="1722337159578" name="All files">
    <metrics statements="27" coveredstatements="26" conditionals="16" coveredconditionals="15" methods="6" coveredmethods="6" elements="49" coveredelements="47" complexity="0" loc="27" ncloc="27" packages="1" files="2" classes="2"/>
    <file name="getdiff.js" path="/Users/sergey/Documents/hexlet-projects/frontend-project-46/src/getdiff.js">
      <metrics statements="21" coveredstatements="21" conditionals="14" coveredconditionals="14" methods="5" coveredmethods="5"/>
      <line num="4" count="1" type="stmt"/>
      <line num="5" count="10" type="cond" truecount="4" falsecount="0"/>
      <line num="6" count="6" type="stmt"/>
      <line num="9" count="1" type="stmt"/>
      <line num="10" count="4" type="cond" truecount="2" falsecount="0"/>
      <line num="11" count="2" type="stmt"/>
      <line num="14" count="2" type="stmt"/>
      <line num="17" count="2" type="stmt"/>
      <line num="18" count="2" type="stmt"/>
      <line num="20" count="2" type="stmt"/>
      <line num="21" count="2" type="stmt"/>
      <line num="23" count="2" type="stmt"/>
      <line num="24" count="2" type="stmt"/>
      <line num="25" count="10" type="cond" truecount="4" falsecount="0"/>
      <line num="26" count="2" type="stmt"/>
      <line num="28" count="8" type="cond" truecount="2" falsecount="0"/>
      <line num="29" count="6" type="stmt"/>
      <line num="31" count="8" type="cond" truecount="2" falsecount="0"/>
      <line num="32" count="4" type="stmt"/>
      <line num="35" count="10" type="stmt"/>
      <line num="37" count="2" type="stmt"/>
    </file>
    <file name="parseJSON.js" path="/Users/sergey/Documents/hexlet-projects/frontend-project-46/src/parseJSON.js">
      <metrics statements="6" coveredstatements="5" conditionals="2" coveredconditionals="1" methods="1" coveredmethods="1"/>
      <line num="4" count="6" type="cond" truecount="1" falsecount="1"/>
      <line num="5" count="6" type="stmt"/>
      <line num="7" count="6" type="stmt"/>
      <line num="8" count="6" type="stmt"/>
      <line num="9" count="6" type="stmt"/>
      <line num="11" count="0" type="stmt"/>
    </file>
  </project>
</coverage>
