<?xml version="1.0" encoding="UTF-8"?>
<coverage generated="1722453572117" clover="3.2.0">
  <project timestamp="1722453572117" name="All files">
    <metrics statements="48" coveredstatements="47" conditionals="34" coveredconditionals="31" methods="12" coveredmethods="12" elements="94" coveredelements="90" complexity="0" loc="48" ncloc="48" packages="1" files="4" classes="4"/>
    <file name="createAbsolutePath.js" path="/Users/sergey/Documents/hexlet-projects/frontend-project-46/src/createAbsolutePath.js">
      <metrics statements="4" coveredstatements="4" conditionals="0" coveredconditionals="0" methods="2" coveredmethods="2"/>
      <line num="4" count="2" type="stmt"/>
      <line num="5" count="2" type="stmt"/>
      <line num="8" count="16" type="stmt"/>
      <line num="9" count="8" type="stmt"/>
    </file>
    <file name="getdiff.js" path="/Users/sergey/Documents/hexlet-projects/frontend-project-46/src/getdiff.js">
      <metrics statements="21" coveredstatements="21" conditionals="14" coveredconditionals="14" methods="5" coveredmethods="5"/>
      <line num="4" count="2" type="stmt"/>
      <line num="5" count="20" type="cond" truecount="4" falsecount="0"/>
      <line num="6" count="12" type="stmt"/>
      <line num="9" count="2" type="stmt"/>
      <line num="10" count="8" type="cond" truecount="2" falsecount="0"/>
      <line num="11" count="4" type="stmt"/>
      <line num="14" count="4" type="stmt"/>
      <line num="17" count="4" type="stmt"/>
      <line num="18" count="4" type="stmt"/>
      <line num="20" count="4" type="stmt"/>
      <line num="21" count="4" type="stmt"/>
      <line num="23" count="4" type="stmt"/>
      <line num="24" count="4" type="stmt"/>
      <line num="25" count="20" type="cond" truecount="4" falsecount="0"/>
      <line num="26" count="4" type="stmt"/>
      <line num="28" count="16" type="cond" truecount="2" falsecount="0"/>
      <line num="29" count="12" type="stmt"/>
      <line num="31" count="16" type="cond" truecount="2" falsecount="0"/>
      <line num="32" count="8" type="stmt"/>
      <line num="35" count="20" type="stmt"/>
      <line num="37" count="4" type="stmt"/>
    </file>
    <file name="parseJSON.js" path="/Users/sergey/Documents/hexlet-projects/frontend-project-46/src/parseJSON.js">
      <metrics statements="6" coveredstatements="6" conditionals="2" coveredconditionals="2" methods="1" coveredmethods="1"/>
      <line num="4" count="12" type="cond" truecount="2" falsecount="0"/>
      <line num="5" count="11" type="stmt"/>
      <line num="7" count="11" type="stmt"/>
      <line num="8" count="10" type="stmt"/>
      <line num="9" count="10" type="stmt"/>
      <line num="11" count="1" type="stmt"/>
    </file>
    <file name="parsers.js" path="/Users/sergey/Documents/hexlet-projects/frontend-project-46/src/parsers.js">
      <metrics statements="17" coveredstatements="16" conditionals="18" coveredconditionals="15" methods="4" coveredmethods="4"/>
      <line num="5" count="1" type="stmt"/>
      <line num="6" count="3" type="cond" truecount="2" falsecount="0"/>
      <line num="7" count="2" type="cond" truecount="2" falsecount="0"/>
      <line num="8" count="1" type="stmt"/>
      <line num="11" count="1" type="stmt"/>
      <line num="12" count="2" type="cond" truecount="2" falsecount="0"/>
      <line num="13" count="1" type="cond" truecount="3" falsecount="1"/>
      <line num="14" count="0" type="stmt"/>
      <line num="15" count="1" type="stmt"/>
      <line num="18" count="1" type="stmt"/>
      <line num="19" count="3" type="cond" truecount="2" falsecount="0"/>
      <line num="20" count="2" type="cond" truecount="1" falsecount="1"/>
      <line num="21" count="2" type="stmt"/>
      <line num="25" count="3" type="stmt"/>
      <line num="26" count="3" type="cond" truecount="2" falsecount="0"/>
      <line num="27" count="2" type="cond" truecount="1" falsecount="1"/>
      <line num="28" count="2" type="stmt"/>
    </file>
  </project>
</coverage>
