{"/Users/sergey/Documents/hexlet-projects/frontend-project-46/src/parseJSON.js": {"path":"/Users/sergey/Documents/hexlet-projects/frontend-project-46/src/parseJSON.js","statementMap":{"0":{"start":{"line":4,"column":2},"end":{"line":4,"column":38}},"1":{"start":{"line":4,"column":26},"end":{"line":4,"column":38}},"2":{"start":{"line":5,"column":2},"end":{"line":13,"column":3}},"3":{"start":{"line":7,"column":4},"end":{"line":7,"column":21}},"4":{"start":{"line":8,"column":22},"end":{"line":8,"column":49}},"5":{"start":{"line":9,"column":4},"end":{"line":9,"column":33}},"6":{"start":{"line":11,"column":4},"end":{"line":11,"column":23}},"7":{"start":{"line":12,"column":4},"end":{"line":12,"column":16}}},"fnMap":{"0":{"name":"(anonymous_0)","decl":{"start":{"line":3,"column":15},"end":{"line":3,"column":16}},"loc":{"start":{"line":3,"column":25},"end":{"line":14,"column":1}},"line":3}},"branchMap":{"0":{"loc":{"start":{"line":4,"column":2},"end":{"line":4,"column":38}},"type":"if","locations":[{"start":{"line":4,"column":2},"end":{"line":4,"column":38}},{"start":{},"end":{}}],"line":4}},"s":{"0":4,"1":1,"2":3,"3":3,"4":2,"5":2,"6":1,"7":1},"f":{"0":4},"b":{"0":[1,3]},"_coverageSchema":"1a1c01bbd47fc00a2c39e90264f33305004495a9","hash":"b42c4d19242b618b9cdde3ee26eb5b10851c1bd0"}
}
