{"/Users/sergey/Documents/hexlet-projects/frontend-project-46/src/createAbsolutePath.js": {"path":"/Users/sergey/Documents/hexlet-projects/frontend-project-46/src/createAbsolutePath.js","statementMap":{"0":{"start":{"line":4,"column":19},"end":{"line":4,"column":49}},"1":{"start":{"line":5,"column":18},"end":{"line":5,"column":37}},"2":{"start":{"line":8,"column":14},"end":{"line":8,"column":66}},"3":{"start":{"line":8,"column":44},"end":{"line":8,"column":65}},"4":{"start":{"line":9,"column":2},"end":{"line":9,"column":44}}},"fnMap":{"0":{"name":"(anonymous_0)","decl":{"start":{"line":7,"column":15},"end":{"line":7,"column":16}},"loc":{"start":{"line":7,"column":25},"end":{"line":10,"column":1}},"line":7},"1":{"name":"(anonymous_1)","decl":{"start":{"line":8,"column":34},"end":{"line":8,"column":35}},"loc":{"start":{"line":8,"column":44},"end":{"line":8,"column":65}},"line":8}},"branchMap":{},"s":{"0":2,"1":2,"2":8,"3":16,"4":8},"f":{"0":8,"1":16},"b":{},"_coverageSchema":"1a1c01bbd47fc00a2c39e90264f33305004495a9","hash":"e38c253cd65c9fb73b269e438c30b8ce59536b79"}
,"/Users/sergey/Documents/hexlet-projects/frontend-project-46/src/getdiff.js": {"path":"/Users/sergey/Documents/hexlet-projects/frontend-project-46/src/getdiff.js","statementMap":{"0":{"start":{"line":7,"column":14},"end":{"line":7,"column":64}},"1":{"start":{"line":8,"column":14},"end":{"line":8,"column":64}},"2":{"start":{"line":10,"column":17},"end":{"line":10,"column":62}},"3":{"start":{"line":10,"column":26},"end":{"line":10,"column":61}},"4":{"start":{"line":11,"column":15},"end":{"line":11,"column":52}},"5":{"start":{"line":11,"column":29},"end":{"line":11,"column":51}},"6":{"start":{"line":12,"column":18},"end":{"line":13,"column":51}},"7":{"start":{"line":13,"column":2},"end":{"line":13,"column":51}},"8":{"start":{"line":14,"column":20},"end":{"line":15,"column":52}},"9":{"start":{"line":15,"column":2},"end":{"line":15,"column":52}},"10":{"start":{"line":16,"column":27},"end":{"line":17,"column":56}},"11":{"start":{"line":17,"column":2},"end":{"line":17,"column":56}},"12":{"start":{"line":18,"column":26},"end":{"line":19,"column":71}},"13":{"start":{"line":19,"column":2},"end":{"line":19,"column":71}},"14":{"start":{"line":21,"column":24},"end":{"line":41,"column":1}},"15":{"start":{"line":22,"column":18},"end":{"line":22,"column":29}},"16":{"start":{"line":23,"column":18},"end":{"line":23,"column":29}},"17":{"start":{"line":24,"column":16},"end":{"line":24,"column":48}},"18":{"start":{"line":26,"column":15},"end":{"line":39,"column":8}},"19":{"start":{"line":27,"column":4},"end":{"line":30,"column":5}},"20":{"start":{"line":28,"column":6},"end":{"line":28,"column":69}},"21":{"start":{"line":29,"column":6},"end":{"line":29,"column":17}},"22":{"start":{"line":32,"column":4},"end":{"line":37,"column":5}},"23":{"start":{"line":33,"column":6},"end":{"line":33,"column":38}},"24":{"start":{"line":35,"column":6},"end":{"line":35,"column":61}},"25":{"start":{"line":35,"column":27},"end":{"line":35,"column":61}},"26":{"start":{"line":36,"column":6},"end":{"line":36,"column":61}},"27":{"start":{"line":36,"column":27},"end":{"line":36,"column":61}},"28":{"start":{"line":38,"column":4},"end":{"line":38,"column":15}},"29":{"start":{"line":40,"column":2},"end":{"line":40,"column":14}},"30":{"start":{"line":44,"column":16},"end":{"line":50,"column":1}},"31":{"start":{"line":45,"column":22},"end":{"line":45,"column":36}},"32":{"start":{"line":46,"column":22},"end":{"line":46,"column":36}},"33":{"start":{"line":47,"column":15},"end":{"line":47,"column":56}},"34":{"start":{"line":48,"column":20},"end":{"line":48,"column":33}},"35":{"start":{"line":49,"column":2},"end":{"line":49,"column":19}}},"fnMap":{"0":{"name":"(anonymous_0)","decl":{"start":{"line":10,"column":17},"end":{"line":10,"column":18}},"loc":{"start":{"line":10,"column":26},"end":{"line":10,"column":61}},"line":10},"1":{"name":"(anonymous_1)","decl":{"start":{"line":11,"column":15},"end":{"line":11,"column":16}},"loc":{"start":{"line":11,"column":29},"end":{"line":11,"column":51}},"line":11},"2":{"name":"(anonymous_2)","decl":{"start":{"line":12,"column":18},"end":{"line":12,"column":19}},"loc":{"start":{"line":13,"column":2},"end":{"line":13,"column":51}},"line":13},"3":{"name":"(anonymous_3)","decl":{"start":{"line":14,"column":20},"end":{"line":14,"column":21}},"loc":{"start":{"line":15,"column":2},"end":{"line":15,"column":52}},"line":15},"4":{"name":"(anonymous_4)","decl":{"start":{"line":16,"column":27},"end":{"line":16,"column":28}},"loc":{"start":{"line":17,"column":2},"end":{"line":17,"column":56}},"line":17},"5":{"name":"(anonymous_5)","decl":{"start":{"line":18,"column":26},"end":{"line":18,"column":27}},"loc":{"start":{"line":19,"column":2},"end":{"line":19,"column":71}},"line":19},"6":{"name":"(anonymous_6)","decl":{"start":{"line":21,"column":24},"end":{"line":21,"column":25}},"loc":{"start":{"line":21,"column":38},"end":{"line":41,"column":1}},"line":21},"7":{"name":"(anonymous_7)","decl":{"start":{"line":26,"column":28},"end":{"line":26,"column":29}},"loc":{"start":{"line":26,"column":42},"end":{"line":39,"column":3}},"line":26},"8":{"name":"(anonymous_8)","decl":{"start":{"line":44,"column":16},"end":{"line":44,"column":17}},"loc":{"start":{"line":44,"column":34},"end":{"line":50,"column":1}},"line":44}},"branchMap":{"0":{"loc":{"start":{"line":10,"column":26},"end":{"line":10,"column":61}},"type":"cond-expr","locations":[{"start":{"line":10,"column":49},"end":{"line":10,"column":53}},{"start":{"line":10,"column":56},"end":{"line":10,"column":61}}],"line":10},"1":{"loc":{"start":{"line":11,"column":29},"end":{"line":11,"column":51}},"type":"cond-expr","locations":[{"start":{"line":11,"column":39},"end":{"line":11,"column":46}},{"start":{"line":11,"column":49},"end":{"line":11,"column":51}}],"line":11},"2":{"loc":{"start":{"line":13,"column":2},"end":{"line":13,"column":51}},"type":"cond-expr","locations":[{"start":{"line":13,"column":39},"end":{"line":13,"column":43}},{"start":{"line":13,"column":46},"end":{"line":13,"column":51}}],"line":13},"3":{"loc":{"start":{"line":13,"column":2},"end":{"line":13,"column":36}},"type":"binary-expr","locations":[{"start":{"line":13,"column":2},"end":{"line":13,"column":17}},{"start":{"line":13,"column":21},"end":{"line":13,"column":36}}],"line":13},"4":{"loc":{"start":{"line":15,"column":2},"end":{"line":15,"column":52}},"type":"cond-expr","locations":[{"start":{"line":15,"column":40},"end":{"line":15,"column":44}},{"start":{"line":15,"column":47},"end":{"line":15,"column":52}}],"line":15},"5":{"loc":{"start":{"line":17,"column":2},"end":{"line":17,"column":56}},"type":"binary-expr","locations":[{"start":{"line":17,"column":2},"end":{"line":17,"column":26}},{"start":{"line":17,"column":30},"end":{"line":17,"column":56}}],"line":17},"6":{"loc":{"start":{"line":27,"column":4},"end":{"line":30,"column":5}},"type":"if","locations":[{"start":{"line":27,"column":4},"end":{"line":30,"column":5}},{"start":{},"end":{}}],"line":27},"7":{"loc":{"start":{"line":27,"column":8},"end":{"line":27,"column":48}},"type":"binary-expr","locations":[{"start":{"line":27,"column":8},"end":{"line":27,"column":26}},{"start":{"line":27,"column":30},"end":{"line":27,"column":48}}],"line":27},"8":{"loc":{"start":{"line":32,"column":4},"end":{"line":37,"column":5}},"type":"if","locations":[{"start":{"line":32,"column":4},"end":{"line":37,"column":5}},{"start":{"line":34,"column":11},"end":{"line":37,"column":5}}],"line":32},"9":{"loc":{"start":{"line":35,"column":6},"end":{"line":35,"column":61}},"type":"if","locations":[{"start":{"line":35,"column":6},"end":{"line":35,"column":61}},{"start":{},"end":{}}],"line":35},"10":{"loc":{"start":{"line":36,"column":6},"end":{"line":36,"column":61}},"type":"if","locations":[{"start":{"line":36,"column":6},"end":{"line":36,"column":61}},{"start":{},"end":{}}],"line":36}},"s":{"0":1,"1":1,"2":1,"3":24,"4":1,"5":8,"6":1,"7":14,"8":1,"9":7,"10":1,"11":14,"12":1,"13":0,"14":1,"15":5,"16":5,"17":5,"18":5,"19":18,"20":4,"21":4,"22":14,"23":3,"24":11,"25":6,"26":11,"27":9,"28":14,"29":5,"30":1,"31":1,"32":1,"33":1,"34":1,"35":1},"f":{"0":24,"1":8,"2":14,"3":7,"4":14,"5":0,"6":5,"7":18,"8":1},"b":{"0":[10,14],"1":[8,0],"2":[7,7],"3":[14,9],"4":[3,4],"5":[14,7],"6":[4,14],"7":[18,6],"8":[3,11],"9":[6,5],"10":[9,2]},"_coverageSchema":"1a1c01bbd47fc00a2c39e90264f33305004495a9","hash":"b5816f6106cd24025dc600cb70a0e3c957d94f29"}
,"/Users/sergey/Documents/hexlet-projects/frontend-project-46/src/parseJSON.js": {"path":"/Users/sergey/Documents/hexlet-projects/frontend-project-46/src/parseJSON.js","statementMap":{"0":{"start":{"line":4,"column":2},"end":{"line":4,"column":38}},"1":{"start":{"line":4,"column":26},"end":{"line":4,"column":38}},"2":{"start":{"line":5,"column":2},"end":{"line":12,"column":3}},"3":{"start":{"line":7,"column":4},"end":{"line":7,"column":21}},"4":{"start":{"line":8,"column":22},"end":{"line":8,"column":49}},"5":{"start":{"line":9,"column":4},"end":{"line":9,"column":33}},"6":{"start":{"line":11,"column":4},"end":{"line":11,"column":16}}},"fnMap":{"0":{"name":"(anonymous_0)","decl":{"start":{"line":3,"column":15},"end":{"line":3,"column":16}},"loc":{"start":{"line":3,"column":25},"end":{"line":13,"column":1}},"line":3}},"branchMap":{"0":{"loc":{"start":{"line":4,"column":2},"end":{"line":4,"column":38}},"type":"if","locations":[{"start":{"line":4,"column":2},"end":{"line":4,"column":38}},{"start":{},"end":{}}],"line":4}},"s":{"0":4,"1":1,"2":3,"3":3,"4":2,"5":2,"6":1},"f":{"0":4},"b":{"0":[1,3]},"_coverageSchema":"1a1c01bbd47fc00a2c39e90264f33305004495a9","hash":"85d2571f2108045cde5239cd80604e61d75c1a94"}
,"/Users/sergey/Documents/hexlet-projects/frontend-project-46/src/parsers.js": {"path":"/Users/sergey/Documents/hexlet-projects/frontend-project-46/src/parsers.js","statementMap":{"0":{"start":{"line":5,"column":15},"end":{"line":9,"column":1}},"1":{"start":{"line":6,"column":2},"end":{"line":6,"column":43}},"2":{"start":{"line":6,"column":26},"end":{"line":6,"column":43}},"3":{"start":{"line":7,"column":2},"end":{"line":7,"column":50}},"4":{"start":{"line":7,"column":38},"end":{"line":7,"column":50}},"5":{"start":{"line":8,"column":2},"end":{"line":8,"column":15}},"6":{"start":{"line":11,"column":15},"end":{"line":16,"column":1}},"7":{"start":{"line":12,"column":2},"end":{"line":12,"column":43}},"8":{"start":{"line":12,"column":26},"end":{"line":12,"column":43}},"9":{"start":{"line":13,"column":2},"end":{"line":14,"column":16}},"10":{"start":{"line":14,"column":4},"end":{"line":14,"column":16}},"11":{"start":{"line":15,"column":2},"end":{"line":15,"column":15}},"12":{"start":{"line":18,"column":30},"end":{"line":22,"column":1}},"13":{"start":{"line":19,"column":2},"end":{"line":19,"column":34}},"14":{"start":{"line":19,"column":20},"end":{"line":19,"column":34}},"15":{"start":{"line":20,"column":2},"end":{"line":20,"column":34}},"16":{"start":{"line":20,"column":20},"end":{"line":20,"column":34}},"17":{"start":{"line":21,"column":2},"end":{"line":21,"column":14}},"18":{"start":{"line":25,"column":17},"end":{"line":25,"column":44}},"19":{"start":{"line":26,"column":2},"end":{"line":26,"column":72}},"20":{"start":{"line":26,"column":25},"end":{"line":26,"column":72}},"21":{"start":{"line":27,"column":2},"end":{"line":27,"column":71}},"22":{"start":{"line":27,"column":25},"end":{"line":27,"column":71}},"23":{"start":{"line":28,"column":2},"end":{"line":28,"column":19}}},"fnMap":{"0":{"name":"(anonymous_0)","decl":{"start":{"line":5,"column":15},"end":{"line":5,"column":16}},"loc":{"start":{"line":5,"column":25},"end":{"line":9,"column":1}},"line":5},"1":{"name":"(anonymous_1)","decl":{"start":{"line":11,"column":15},"end":{"line":11,"column":16}},"loc":{"start":{"line":11,"column":25},"end":{"line":16,"column":1}},"line":11},"2":{"name":"(anonymous_2)","decl":{"start":{"line":18,"column":30},"end":{"line":18,"column":31}},"loc":{"start":{"line":18,"column":40},"end":{"line":22,"column":1}},"line":18},"3":{"name":"(anonymous_3)","decl":{"start":{"line":24,"column":15},"end":{"line":24,"column":16}},"loc":{"start":{"line":24,"column":25},"end":{"line":29,"column":1}},"line":24}},"branchMap":{"0":{"loc":{"start":{"line":6,"column":2},"end":{"line":6,"column":43}},"type":"if","locations":[{"start":{"line":6,"column":2},"end":{"line":6,"column":43}},{"start":{},"end":{}}],"line":6},"1":{"loc":{"start":{"line":7,"column":2},"end":{"line":7,"column":50}},"type":"if","locations":[{"start":{"line":7,"column":2},"end":{"line":7,"column":50}},{"start":{},"end":{}}],"line":7},"2":{"loc":{"start":{"line":12,"column":2},"end":{"line":12,"column":43}},"type":"if","locations":[{"start":{"line":12,"column":2},"end":{"line":12,"column":43}},{"start":{},"end":{}}],"line":12},"3":{"loc":{"start":{"line":13,"column":2},"end":{"line":14,"column":16}},"type":"if","locations":[{"start":{"line":13,"column":2},"end":{"line":14,"column":16}},{"start":{},"end":{}}],"line":13},"4":{"loc":{"start":{"line":13,"column":6},"end":{"line":13,"column":69}},"type":"binary-expr","locations":[{"start":{"line":13,"column":6},"end":{"line":13,"column":35}},{"start":{"line":13,"column":39},"end":{"line":13,"column":69}}],"line":13},"5":{"loc":{"start":{"line":19,"column":2},"end":{"line":19,"column":34}},"type":"if","locations":[{"start":{"line":19,"column":2},"end":{"line":19,"column":34}},{"start":{},"end":{}}],"line":19},"6":{"loc":{"start":{"line":20,"column":2},"end":{"line":20,"column":34}},"type":"if","locations":[{"start":{"line":20,"column":2},"end":{"line":20,"column":34}},{"start":{},"end":{}}],"line":20},"7":{"loc":{"start":{"line":26,"column":2},"end":{"line":26,"column":72}},"type":"if","locations":[{"start":{"line":26,"column":2},"end":{"line":26,"column":72}},{"start":{},"end":{}}],"line":26},"8":{"loc":{"start":{"line":27,"column":2},"end":{"line":27,"column":71}},"type":"if","locations":[{"start":{"line":27,"column":2},"end":{"line":27,"column":71}},{"start":{},"end":{}}],"line":27}},"s":{"0":2,"1":5,"2":1,"3":4,"4":3,"5":1,"6":2,"7":2,"8":1,"9":1,"10":0,"11":1,"12":2,"13":5,"14":3,"15":2,"16":0,"17":2,"18":5,"19":5,"20":3,"21":2,"22":0,"23":2},"f":{"0":5,"1":2,"2":5,"3":5},"b":{"0":[1,4],"1":[3,1],"2":[1,1],"3":[0,1],"4":[1,1],"5":[3,2],"6":[0,2],"7":[3,2],"8":[0,2]},"_coverageSchema":"1a1c01bbd47fc00a2c39e90264f33305004495a9","hash":"285a289dd36afd9a08b4fe9a4c5ad55ca15654f3"}
,"/Users/sergey/Documents/hexlet-projects/frontend-project-46/src/stylish.js": {"path":"/Users/sergey/Documents/hexlet-projects/frontend-project-46/src/stylish.js","statementMap":{"0":{"start":{"line":4,"column":15},"end":{"line":19,"column":3}},"1":{"start":{"line":5,"column":17},"end":{"line":5,"column":29}},"2":{"start":{"line":6,"column":18},"end":{"line":17,"column":10}},"3":{"start":{"line":7,"column":25},"end":{"line":7,"column":95}},"4":{"start":{"line":8,"column":6},"end":{"line":14,"column":7}},"5":{"start":{"line":9,"column":8},"end":{"line":12,"column":38}},"6":{"start":{"line":13,"column":8},"end":{"line":13,"column":19}},"7":{"start":{"line":15,"column":6},"end":{"line":15,"column":70}},"8":{"start":{"line":16,"column":6},"end":{"line":16,"column":17}},"9":{"start":{"line":18,"column":4},"end":{"line":18,"column":17}},"10":{"start":{"line":20,"column":17},"end":{"line":20,"column":47}},"11":{"start":{"line":21,"column":2},"end":{"line":21,"column":25}}},"fnMap":{"0":{"name":"(anonymous_0)","decl":{"start":{"line":3,"column":15},"end":{"line":3,"column":16}},"loc":{"start":{"line":3,"column":29},"end":{"line":22,"column":1}},"line":3},"1":{"name":"(anonymous_1)","decl":{"start":{"line":4,"column":15},"end":{"line":4,"column":16}},"loc":{"start":{"line":4,"column":31},"end":{"line":19,"column":3}},"line":4},"2":{"name":"(anonymous_2)","decl":{"start":{"line":6,"column":30},"end":{"line":6,"column":31}},"loc":{"start":{"line":6,"column":44},"end":{"line":17,"column":5}},"line":6}},"branchMap":{"0":{"loc":{"start":{"line":7,"column":25},"end":{"line":7,"column":95}},"type":"cond-expr","locations":[{"start":{"line":7,"column":72},"end":{"line":7,"column":84}},{"start":{"line":7,"column":87},"end":{"line":7,"column":95}}],"line":7},"1":{"loc":{"start":{"line":7,"column":25},"end":{"line":7,"column":69}},"type":"binary-expr","locations":[{"start":{"line":7,"column":25},"end":{"line":7,"column":45}},{"start":{"line":7,"column":49},"end":{"line":7,"column":69}}],"line":7},"2":{"loc":{"start":{"line":8,"column":6},"end":{"line":14,"column":7}},"type":"if","locations":[{"start":{"line":8,"column":6},"end":{"line":14,"column":7}},{"start":{},"end":{}}],"line":8}},"s":{"0":1,"1":12,"2":12,"3":31,"4":31,"5":11,"6":11,"7":20,"8":20,"9":12,"10":1,"11":1},"f":{"0":1,"1":12,"2":31},"b":{"0":[15,16],"1":[31,22],"2":[11,20]},"_coverageSchema":"1a1c01bbd47fc00a2c39e90264f33305004495a9","hash":"65420a9eae5f0d5d367e86aefa0b1a2c5cd00f51"}
}
