TN:
SF:src/createAbsolutePath.js
FN:7,(anonymous_0)
FN:8,(anonymous_1)
FNF:2
FNH:2
FNDA:8,(anonymous_0)
FNDA:16,(anonymous_1)
DA:4,2
DA:5,2
DA:8,16
DA:9,8
LF:4
LH:4
BRF:0
BRH:0
end_of_record
TN:
SF:src/getdiff.js
FN:4,(anonymous_0)
FN:9,(anonymous_1)
FN:14,(anonymous_2)
FN:16,(anonymous_3)
FN:24,(anonymous_4)
FNF:5
FNH:5
FNDA:20,(anonymous_0)
FNDA:8,(anonymous_1)
FNDA:4,(anonymous_2)
FNDA:4,(anonymous_3)
FNDA:20,(anonymous_4)
DA:4,2
DA:5,20
DA:6,12
DA:9,2
DA:10,8
DA:11,4
DA:14,4
DA:17,4
DA:18,4
DA:20,4
DA:21,4
DA:23,4
DA:24,4
DA:25,20
DA:26,4
DA:28,16
DA:29,12
DA:31,16
DA:32,8
DA:35,20
DA:37,4
LF:21
LH:21
BRDA:5,0,0,8
BRDA:5,0,1,12
BRDA:5,1,0,20
BRDA:5,1,1,16
BRDA:10,2,0,4
BRDA:10,2,1,4
BRDA:25,3,0,4
BRDA:25,3,1,16
BRDA:25,4,0,20
BRDA:25,4,1,8
BRDA:28,5,0,12
BRDA:28,5,1,4
BRDA:31,6,0,8
BRDA:31,6,1,8
BRF:14
BRH:14
end_of_record
TN:
SF:src/parseJSON.js
FN:3,(anonymous_0)
FNF:1
FNH:1
FNDA:12,(anonymous_0)
DA:4,12
DA:5,11
DA:7,11
DA:8,10
DA:9,10
DA:11,1
LF:6
LH:6
BRDA:4,0,0,1
BRDA:4,0,1,11
BRF:2
BRH:2
end_of_record
TN:
SF:src/parsers.js
FN:5,(anonymous_0)
FN:11,(anonymous_1)
FN:18,(anonymous_2)
FN:24,(anonymous_3)
FNF:4
FNH:4
FNDA:3,(anonymous_0)
FNDA:2,(anonymous_1)
FNDA:3,(anonymous_2)
FNDA:3,(anonymous_3)
DA:5,1
DA:6,3
DA:7,2
DA:8,1
DA:11,1
DA:12,2
DA:13,1
DA:14,0
DA:15,1
DA:18,1
DA:19,3
DA:20,2
DA:21,2
DA:25,3
DA:26,3
DA:27,2
DA:28,2
LF:17
LH:16
BRDA:6,0,0,1
BRDA:6,0,1,2
BRDA:7,1,0,1
BRDA:7,1,1,1
BRDA:12,2,0,1
BRDA:12,2,1,1
BRDA:13,3,0,0
BRDA:13,3,1,1
BRDA:13,4,0,1
BRDA:13,4,1,1
BRDA:19,5,0,1
BRDA:19,5,1,2
BRDA:20,6,0,0
BRDA:20,6,1,2
BRDA:26,7,0,1
BRDA:26,7,1,2
BRDA:27,8,0,0
BRDA:27,8,1,2
BRF:18
BRH:15
end_of_record
