TN:
SF:src/getdiff.js
FN:4,(anonymous_0)
FN:9,(anonymous_1)
FN:14,(anonymous_2)
FN:22,(anonymous_3)
FNF:4
FNH:4
FNDA:5,(anonymous_0)
FNDA:2,(anonymous_1)
FNDA:1,(anonymous_2)
FNDA:5,(anonymous_3)
DA:4,1
DA:5,5
DA:6,3
DA:9,1
DA:10,2
DA:11,1
DA:15,1
DA:16,1
DA:18,1
DA:19,1
DA:21,1
DA:22,1
DA:23,5
DA:24,1
DA:26,4
DA:27,3
DA:29,4
DA:30,2
DA:33,5
DA:34,5
DA:37,1
LF:21
LH:21
BRDA:5,0,0,2
BRDA:5,0,1,3
BRDA:5,1,0,5
BRDA:5,1,1,4
BRDA:10,2,0,1
BRDA:10,2,1,1
BRDA:23,3,0,1
BRDA:23,3,1,4
BRDA:23,4,0,5
BRDA:23,4,1,2
BRDA:26,5,0,3
BRDA:26,5,1,1
BRDA:29,6,0,2
BRDA:29,6,1,2
BRDA:33,7,0,1
BRDA:33,7,1,4
BRF:16
BRH:16
end_of_record
TN:
SF:src/parseJSON.js
FN:3,(anonymous_0)
FNF:1
FNH:1
FNDA:6,(anonymous_0)
DA:4,6
DA:5,5
DA:8,5
DA:9,4
DA:11,1
DA:12,1
LF:6
LH:6
BRDA:4,0,0,1
BRDA:4,0,1,5
BRF:2
BRH:2
end_of_record
